<?xml version="1.0" encoding="UTF-8"?>
<!-- Generated by org.testng.reporters.JUnitReportReporter -->
<testsuite hostname="LAPTOP-ES44RH1U" failures="0" tests="1" name="com.testng.selenium.Sample" time="0.013" errors="0" timestamp="28 Mar 2018 16:52:01 GMT" skipped="0">
  <testcase classname="com.testng.selenium.Sample" name="test" time="0.013"/>
</testsuite> <!-- com.testng.selenium.Sample -->
