<?xml version="1.0" encoding="UTF-8"?>
<!-- Generated by org.testng.reporters.JUnitReportReporter -->
<testsuite hostname="LAPTOP-ES44RH1U" failures="0" tests="1" name="com.testng.selenium.ActiTimeLoginTest" time="8.996" errors="0" timestamp="31 Mar 2018 17:22:50 GMT" skipped="0">
  <testcase classname="com.testng.selenium.ActiTimeLoginTest" name="loginTest" time="8.996"/>
</testsuite> <!-- com.testng.selenium.ActiTimeLoginTest -->
