<?xml version="1.0" encoding="UTF-8"?>
<!-- Generated by org.testng.reporters.JUnitReportReporter -->
<testsuite hostname="LAPTOP-ES44RH1U" failures="0" tests="2" name="com.testng.selenium.GoogleAutosuggestions" time="12.841" errors="0" timestamp="01 Apr 2018 08:07:39 GMT" skipped="0">
  <testcase classname="com.testng.selenium.GoogleAutosuggestions" name="Suggestions" time="10.108"/>
  <testcase classname="com.testng.selenium.GoogleAutosuggestions" name="Printing" time="2.733"/>
</testsuite> <!-- com.testng.selenium.GoogleAutosuggestions -->
