<?xml version="1.0" encoding="UTF-8"?>
<!-- Generated by org.testng.reporters.JUnitReportReporter -->
<testsuite hostname="LAPTOP-ES44RH1U" failures="0" tests="1" name="com.testng.selenium.PrintListValues_SortedOrder" time="2.485" errors="0" timestamp="01 Apr 2018 17:30:42 GMT" skipped="0">
  <testcase classname="com.testng.selenium.PrintListValues_SortedOrder" name="Sortedorder" time="2.485"/>
</testsuite> <!-- com.testng.selenium.PrintListValues_SortedOrder -->
