<?xml version="1.0" encoding="UTF-8"?>
<!-- Generated by org.testng.reporters.JUnitReportReporter -->
<testsuite hostname="LAPTOP-ES44RH1U" failures="0" tests="1" name="com.testng.selenium.ScrollUpandDown" time="33.681" errors="0" timestamp="31 Mar 2018 06:10:07 GMT" skipped="0">
  <testcase classname="com.testng.selenium.ScrollUpandDown" name="Scroll" time="33.681"/>
</testsuite> <!-- com.testng.selenium.ScrollUpandDown -->
