<?xml version="1.0" encoding="UTF-8"?>
<!-- Generated by org.testng.reporters.JUnitReportReporter -->
<testsuite hostname="LAPTOP-ES44RH1U" failures="0" tests="1" name="com.testng.selenium.printUniqueElement_Sorted" time="4.825" errors="0" timestamp="02 Apr 2018 17:29:11 GMT" skipped="0">
  <testcase classname="com.testng.selenium.printUniqueElement_Sorted" name="printElement_Sorted" time="4.825"/>
</testsuite> <!-- com.testng.selenium.printUniqueElement_Sorted -->
