<?xml version="1.0" encoding="UTF-8"?>
<!-- Generated by org.testng.reporters.JUnitReportReporter -->
<testsuite hostname="LAPTOP-ES44RH1U" failures="0" tests="1" name="com.testng.selenium.checklisthasDUPLICATEvalues_HashSet" time="2.522" errors="0" timestamp="03 Apr 2018 03:11:47 GMT" skipped="0">
  <testcase classname="com.testng.selenium.checklisthasDUPLICATEvalues_HashSet" name="listDuplicates" time="2.522"/>
</testsuite> <!-- com.testng.selenium.checklisthasDUPLICATEvalues_HashSet -->
