<?xml version="1.0" encoding="UTF-8"?>
<!-- Generated by org.testng.reporters.JUnitReportReporter -->
<testsuite hostname="LAPTOP-ES44RH1U" failures="0" tests="1" name="com.testng.selenium.printUniqueElementinthelistbox" time="2.838" errors="0" timestamp="02 Apr 2018 17:10:33 GMT" skipped="0">
  <testcase classname="com.testng.selenium.printUniqueElementinthelistbox" name="printElement" time="2.838"/>
</testsuite> <!-- com.testng.selenium.printUniqueElementinthelistbox -->
