<?xml version="1.0" encoding="UTF-8"?>
<!-- Generated by org.testng.reporters.JUnitReportReporter -->
<testsuite hostname="LAPTOP-ES44RH1U" failures="0" tests="1" name="com.testng.selenium.ScrollUpandDown1" time="37.506" errors="0" timestamp="31 Mar 2018 07:31:46 GMT" skipped="0">
  <testcase classname="com.testng.selenium.ScrollUpandDown1" name="scroll1" time="37.506"/>
</testsuite> <!-- com.testng.selenium.ScrollUpandDown1 -->
