<?xml version="1.0" encoding="UTF-8"?>
<!-- Generated by org.testng.reporters.JUnitReportReporter -->
<testsuite hostname="LAPTOP-ES44RH1U" failures="0" tests="1" name="com.testng.selenium.HashMapExample_prinheOcuurance" time="5.718" errors="0" timestamp="14 Apr 2018 11:55:11 GMT" skipped="0">
  <testcase classname="com.testng.selenium.HashMapExample_prinheOcuurance" name="occurances" time="5.718"/>
</testsuite> <!-- com.testng.selenium.HashMapExample_prinheOcuurance -->
