<?xml version="1.0" encoding="UTF-8"?>
<!-- Generated by org.testng.reporters.JUnitReportReporter -->
<testsuite hostname="LAPTOP-ES44RH1U" failures="0" tests="1" name="com.testng.selenium.ListBoxExample" time="4.787" errors="0" timestamp="05 Apr 2018 18:50:11 GMT" skipped="0">
  <testcase classname="com.testng.selenium.ListBoxExample" name="normalSelect" time="4.787"/>
</testsuite> <!-- com.testng.selenium.ListBoxExample -->
