<?xml version="1.0" encoding="UTF-8"?>
<!-- Generated by org.testng.reporters.JUnitReportReporter -->
<testsuite hostname="LAPTOP-ES44RH1U" failures="0" tests="1" name="com.testng.selenium.NavigatetoBoomohePage" time="59.965" errors="0" timestamp="31 Mar 2018 07:51:10 GMT" skipped="0">
  <testcase classname="com.testng.selenium.NavigatetoBoomohePage" name="Navigate" time="59.965"/>
</testsuite> <!-- com.testng.selenium.NavigatetoBoomohePage -->
