<?xml version="1.0" encoding="UTF-8"?>
<!-- Generated by org.testng.reporters.JUnitReportReporter -->
<testsuite hostname="LAPTOP-ES44RH1U" failures="0" tests="1" name="com.testng.selenium.PrinttheDUPLICATEItem_intheList_HashSet" time="4.248" errors="0" timestamp="14 Apr 2018 11:03:04 GMT" skipped="0">
  <testcase classname="com.testng.selenium.PrinttheDUPLICATEItem_intheList_HashSet" name="PrintDuplicate" time="4.248"/>
</testsuite> <!-- com.testng.selenium.PrinttheDUPLICATEItem_intheList_HashSet -->
